::1 - - [23/Mar/2022:04:54:36 +0000] "POST /api/v1/users HTTP/1.1" 200 173 "http://localhost:3000/" "Mozilla/5.0 (Linux; Android 6.0; Nexus 5 Build/MRA58N) AppleWebKit/537.36 (KHTML, like Gecko) Chrome/99.0.4844.83 Mobile Safari/537.36"
::1 - - [23/Mar/2022:04:59:35 +0000] "POST /api/v1/users HTTP/1.1" 200 203 "http://localhost:3000/" "Mozilla/5.0 (Windows NT 10.0; Win64; x64) AppleWebKit/537.36 (KHTML, like Gecko) Chrome/99.0.4844.83 Safari/537.36"
::1 - - [23/Mar/2022:05:05:39 +0000] "GET /api/v1/news HTTP/1.1" 200 26 "http://localhost:3000/" "Mozilla/5.0 (Windows NT 10.0; Win64; x64) AppleWebKit/537.36 (KHTML, like Gecko) Chrome/99.0.4844.83 Safari/537.36"
::1 - - [23/Mar/2022:05:19:52 +0000] "GET /api/v1/news HTTP/1.1" 304 - "http://localhost:3000/" "Mozilla/5.0 (Windows NT 10.0; Win64; x64) AppleWebKit/537.36 (KHTML, like Gecko) Chrome/99.0.4844.83 Safari/537.36"
::1 - - [23/Mar/2022:05:24:34 +0000] "POST /api/v1/news HTTP/1.1" 200 296 "-" "PostmanRuntime/7.29.0"
::1 - - [23/Mar/2022:05:25:57 +0000] "POST /api/v1/news HTTP/1.1" 500 144 "-" "PostmanRuntime/7.29.0"
::1 - - [23/Mar/2022:05:28:14 +0000] "POST /api/v1/news HTTP/1.1" 500 103 "-" "PostmanRuntime/7.29.0"
::1 - - [23/Mar/2022:05:29:07 +0000] "POST /api/v1/news HTTP/1.1" 500 103 "-" "PostmanRuntime/7.29.0"
::1 - - [23/Mar/2022:05:29:31 +0000] "POST /api/v1/news HTTP/1.1" 500 103 "-" "PostmanRuntime/7.29.0"
::1 - - [23/Mar/2022:05:31:06 +0000] "POST /api/v1/news HTTP/1.1" 200 277 "-" "PostmanRuntime/7.29.0"
::1 - - [23/Mar/2022:05:31:59 +0000] "POST /api/v1/news HTTP/1.1" 500 103 "-" "PostmanRuntime/7.29.0"
::1 - - [23/Mar/2022:05:33:25 +0000] "POST /api/v1/news HTTP/1.1" 200 366 "-" "PostmanRuntime/7.29.0"
::1 - - [23/Mar/2022:05:34:00 +0000] "POST /api/v1/news HTTP/1.1" 500 103 "-" "PostmanRuntime/7.29.0"
::1 - - [23/Mar/2022:05:34:35 +0000] "POST /api/v1/news HTTP/1.1" 500 103 "-" "PostmanRuntime/7.29.0"
::1 - - [23/Mar/2022:05:34:42 +0000] "POST /api/v1/news HTTP/1.1" 500 103 "-" "PostmanRuntime/7.29.0"
::1 - - [23/Mar/2022:05:35:59 +0000] "POST /api/v1/news HTTP/1.1" 200 279 "-" "PostmanRuntime/7.29.0"
::1 - - [23/Mar/2022:05:36:53 +0000] "POST /api/v1/news HTTP/1.1" 200 297 "-" "PostmanRuntime/7.29.0"
::1 - - [23/Mar/2022:05:38:37 +0000] "POST /api/v1/news HTTP/1.1" 200 253 "-" "PostmanRuntime/7.29.0"
::1 - - [23/Mar/2022:05:40:50 +0000] "GET /api/v1/news HTTP/1.1" 200 785 "http://localhost:3000/" "Mozilla/5.0 (Linux; Android 6.0; Nexus 5 Build/MRA58N) AppleWebKit/537.36 (KHTML, like Gecko) Chrome/99.0.4844.83 Mobile Safari/537.36"
::1 - - [23/Mar/2022:05:44:13 +0000] "GET /api/v1/news HTTP/1.1" 304 - "http://localhost:3000/" "Mozilla/5.0 (Windows NT 10.0; Win64; x64) AppleWebKit/537.36 (KHTML, like Gecko) Chrome/99.0.4844.83 Safari/537.36"
::1 - - [23/Mar/2022:05:45:01 +0000] "GET /api/v1/news HTTP/1.1" 304 - "http://localhost:3000/" "Mozilla/5.0 (Linux; Android 6.0; Nexus 5 Build/MRA58N) AppleWebKit/537.36 (KHTML, like Gecko) Chrome/99.0.4844.83 Mobile Safari/537.36"
::1 - - [23/Mar/2022:05:45:32 +0000] "GET /api/v1/news HTTP/1.1" 304 - "http://localhost:3000/" "Mozilla/5.0 (Linux; Android 6.0; Nexus 5 Build/MRA58N) AppleWebKit/537.36 (KHTML, like Gecko) Chrome/99.0.4844.83 Mobile Safari/537.36"
::1 - - [23/Mar/2022:05:46:28 +0000] "GET /api/v1/news HTTP/1.1" 304 - "http://localhost:3000/" "Mozilla/5.0 (Linux; Android 6.0; Nexus 5 Build/MRA58N) AppleWebKit/537.36 (KHTML, like Gecko) Chrome/99.0.4844.83 Mobile Safari/537.36"
::1 - - [23/Mar/2022:05:46:56 +0000] "GET /api/v1/news HTTP/1.1" 304 - "http://localhost:3000/" "Mozilla/5.0 (Linux; Android 6.0; Nexus 5 Build/MRA58N) AppleWebKit/537.36 (KHTML, like Gecko) Chrome/99.0.4844.83 Mobile Safari/537.36"
::1 - - [23/Mar/2022:05:47:01 +0000] "GET /api/v1/news HTTP/1.1" 304 - "http://localhost:3000/" "Mozilla/5.0 (Linux; Android 6.0; Nexus 5 Build/MRA58N) AppleWebKit/537.36 (KHTML, like Gecko) Chrome/99.0.4844.83 Mobile Safari/537.36"
::1 - - [23/Mar/2022:05:47:59 +0000] "GET /api/v1/news HTTP/1.1" 304 - "http://localhost:3000/" "Mozilla/5.0 (Windows NT 10.0; Win64; x64) AppleWebKit/537.36 (KHTML, like Gecko) Chrome/99.0.4844.83 Safari/537.36"
::1 - - [23/Mar/2022:05:48:04 +0000] "GET /api/v1/news HTTP/1.1" 304 - "http://localhost:3000/" "Mozilla/5.0 (Windows NT 10.0; Win64; x64) AppleWebKit/537.36 (KHTML, like Gecko) Chrome/99.0.4844.83 Safari/537.36"
::1 - - [23/Mar/2022:05:48:28 +0000] "GET /api/v1/news HTTP/1.1" 304 - "http://localhost:3000/" "Mozilla/5.0 (Windows NT 10.0; Win64; x64) AppleWebKit/537.36 (KHTML, like Gecko) Chrome/99.0.4844.83 Safari/537.36"
::1 - - [23/Mar/2022:05:48:58 +0000] "GET /api/v1/news HTTP/1.1" 304 - "http://localhost:3000/" "Mozilla/5.0 (Windows NT 10.0; Win64; x64) AppleWebKit/537.36 (KHTML, like Gecko) Chrome/99.0.4844.83 Safari/537.36"
::1 - - [23/Mar/2022:05:49:29 +0000] "GET /api/v1/news HTTP/1.1" 304 - "http://localhost:3000/" "Mozilla/5.0 (Windows NT 10.0; Win64; x64) AppleWebKit/537.36 (KHTML, like Gecko) Chrome/99.0.4844.83 Safari/537.36"
::1 - - [23/Mar/2022:05:50:03 +0000] "GET /api/v1/news HTTP/1.1" 304 - "http://localhost:3000/" "Mozilla/5.0 (Windows NT 10.0; Win64; x64) AppleWebKit/537.36 (KHTML, like Gecko) Chrome/99.0.4844.83 Safari/537.36"
::1 - - [23/Mar/2022:05:50:34 +0000] "GET /api/v1/news HTTP/1.1" 304 - "http://localhost:3000/" "Mozilla/5.0 (Windows NT 10.0; Win64; x64) AppleWebKit/537.36 (KHTML, like Gecko) Chrome/99.0.4844.83 Safari/537.36"
::1 - - [23/Mar/2022:05:50:45 +0000] "GET /api/v1/news HTTP/1.1" 304 - "http://localhost:3000/" "Mozilla/5.0 (Windows NT 10.0; Win64; x64) AppleWebKit/537.36 (KHTML, like Gecko) Chrome/99.0.4844.83 Safari/537.36"
::1 - - [23/Mar/2022:05:50:54 +0000] "GET /api/v1/news HTTP/1.1" 304 - "http://localhost:3000/" "Mozilla/5.0 (Windows NT 10.0; Win64; x64) AppleWebKit/537.36 (KHTML, like Gecko) Chrome/99.0.4844.83 Safari/537.36"
::1 - - [23/Mar/2022:05:51:11 +0000] "GET /api/v1/news HTTP/1.1" 304 - "http://localhost:3000/" "Mozilla/5.0 (Windows NT 10.0; Win64; x64) AppleWebKit/537.36 (KHTML, like Gecko) Chrome/99.0.4844.83 Safari/537.36"
::1 - - [23/Mar/2022:05:51:26 +0000] "GET /api/v1/news HTTP/1.1" 304 - "http://localhost:3000/" "Mozilla/5.0 (Windows NT 10.0; Win64; x64) AppleWebKit/537.36 (KHTML, like Gecko) Chrome/99.0.4844.83 Safari/537.36"
::1 - - [23/Mar/2022:05:51:37 +0000] "GET /api/v1/news HTTP/1.1" 304 - "http://localhost:3000/" "Mozilla/5.0 (Windows NT 10.0; Win64; x64) AppleWebKit/537.36 (KHTML, like Gecko) Chrome/99.0.4844.83 Safari/537.36"
::1 - - [23/Mar/2022:05:51:44 +0000] "GET /api/v1/news HTTP/1.1" 304 - "http://localhost:3000/" "Mozilla/5.0 (Windows NT 10.0; Win64; x64) AppleWebKit/537.36 (KHTML, like Gecko) Chrome/99.0.4844.83 Safari/537.36"
::1 - - [23/Mar/2022:05:51:47 +0000] "GET /api/v1/news HTTP/1.1" 304 - "http://localhost:3000/" "Mozilla/5.0 (Windows NT 10.0; Win64; x64) AppleWebKit/537.36 (KHTML, like Gecko) Chrome/99.0.4844.83 Safari/537.36"
::1 - - [23/Mar/2022:05:51:58 +0000] "GET /api/v1/news HTTP/1.1" 304 - "http://localhost:3000/" "Mozilla/5.0 (Windows NT 10.0; Win64; x64) AppleWebKit/537.36 (KHTML, like Gecko) Chrome/99.0.4844.83 Safari/537.36"
::1 - - [23/Mar/2022:05:52:35 +0000] "GET /api/v1/news HTTP/1.1" 304 - "http://localhost:3000/" "Mozilla/5.0 (Windows NT 10.0; Win64; x64) AppleWebKit/537.36 (KHTML, like Gecko) Chrome/99.0.4844.83 Safari/537.36"
::1 - - [23/Mar/2022:05:52:48 +0000] "GET /api/v1/news HTTP/1.1" 304 - "http://localhost:3000/" "Mozilla/5.0 (Windows NT 10.0; Win64; x64) AppleWebKit/537.36 (KHTML, like Gecko) Chrome/99.0.4844.83 Safari/537.36"
::1 - - [23/Mar/2022:05:53:03 +0000] "GET /api/v1/news HTTP/1.1" 304 - "http://localhost:3000/" "Mozilla/5.0 (Windows NT 10.0; Win64; x64) AppleWebKit/537.36 (KHTML, like Gecko) Chrome/99.0.4844.83 Safari/537.36"
::1 - - [23/Mar/2022:05:53:28 +0000] "GET /api/v1/news HTTP/1.1" 304 - "http://localhost:3000/" "Mozilla/5.0 (Windows NT 10.0; Win64; x64) AppleWebKit/537.36 (KHTML, like Gecko) Chrome/99.0.4844.83 Safari/537.36"
::1 - - [23/Mar/2022:05:53:45 +0000] "GET /api/v1/news HTTP/1.1" 304 - "http://localhost:3000/" "Mozilla/5.0 (Windows NT 10.0; Win64; x64) AppleWebKit/537.36 (KHTML, like Gecko) Chrome/99.0.4844.83 Safari/537.36"
::1 - - [23/Mar/2022:05:54:29 +0000] "GET /api/v1/news HTTP/1.1" 304 - "http://localhost:3000/" "Mozilla/5.0 (Windows NT 10.0; Win64; x64) AppleWebKit/537.36 (KHTML, like Gecko) Chrome/99.0.4844.83 Safari/537.36"
::1 - - [23/Mar/2022:05:54:40 +0000] "GET /api/v1/news HTTP/1.1" 304 - "http://localhost:3000/" "Mozilla/5.0 (Windows NT 10.0; Win64; x64) AppleWebKit/537.36 (KHTML, like Gecko) Chrome/99.0.4844.83 Safari/537.36"
::1 - - [23/Mar/2022:05:55:03 +0000] "GET /api/v1/news HTTP/1.1" 304 - "http://localhost:3000/" "Mozilla/5.0 (Windows NT 10.0; Win64; x64) AppleWebKit/537.36 (KHTML, like Gecko) Chrome/99.0.4844.83 Safari/537.36"
::1 - - [23/Mar/2022:05:55:26 +0000] "GET /api/v1/news HTTP/1.1" 304 - "http://localhost:3000/" "Mozilla/5.0 (Windows NT 10.0; Win64; x64) AppleWebKit/537.36 (KHTML, like Gecko) Chrome/99.0.4844.83 Safari/537.36"
::1 - - [23/Mar/2022:05:56:09 +0000] "GET /api/v1/news HTTP/1.1" 304 - "http://localhost:3000/" "Mozilla/5.0 (Windows NT 10.0; Win64; x64) AppleWebKit/537.36 (KHTML, like Gecko) Chrome/99.0.4844.83 Safari/537.36"
::1 - - [23/Mar/2022:06:08:36 +0000] "GET /api/v1/news HTTP/1.1" 304 - "http://localhost:3000/" "Mozilla/5.0 (Windows NT 10.0; Win64; x64) AppleWebKit/537.36 (KHTML, like Gecko) Chrome/99.0.4844.83 Safari/537.36"
::1 - - [23/Mar/2022:06:08:40 +0000] "GET /api/v1/news HTTP/1.1" 304 - "http://localhost:3000/" "Mozilla/5.0 (Windows NT 10.0; Win64; x64) AppleWebKit/537.36 (KHTML, like Gecko) Chrome/99.0.4844.83 Safari/537.36"
::1 - - [23/Mar/2022:06:08:54 +0000] "GET /api/v1/news HTTP/1.1" 304 - "http://localhost:3000/" "Mozilla/5.0 (Windows NT 10.0; Win64; x64) AppleWebKit/537.36 (KHTML, like Gecko) Chrome/99.0.4844.83 Safari/537.36"
::1 - - [23/Mar/2022:06:08:58 +0000] "GET /api/v1/news HTTP/1.1" 304 - "http://localhost:3000/" "Mozilla/5.0 (Windows NT 10.0; Win64; x64) AppleWebKit/537.36 (KHTML, like Gecko) Chrome/99.0.4844.83 Safari/537.36"
::1 - - [23/Mar/2022:06:11:32 +0000] "GET /api/v1/news HTTP/1.1" 304 - "http://localhost:3000/" "Mozilla/5.0 (Windows NT 10.0; Win64; x64) AppleWebKit/537.36 (KHTML, like Gecko) Chrome/99.0.4844.83 Safari/537.36"
::1 - - [23/Mar/2022:06:12:10 +0000] "GET /api/v1/news HTTP/1.1" 304 - "http://localhost:3000/" "Mozilla/5.0 (Windows NT 10.0; Win64; x64) AppleWebKit/537.36 (KHTML, like Gecko) Chrome/99.0.4844.83 Safari/537.36"
::1 - - [23/Mar/2022:06:12:45 +0000] "GET /api/v1/news HTTP/1.1" 304 - "http://localhost:3000/" "Mozilla/5.0 (Windows NT 10.0; Win64; x64) AppleWebKit/537.36 (KHTML, like Gecko) Chrome/99.0.4844.83 Safari/537.36"
::1 - - [23/Mar/2022:06:12:53 +0000] "GET /api/v1/news HTTP/1.1" 304 - "http://localhost:3000/" "Mozilla/5.0 (Windows NT 10.0; Win64; x64) AppleWebKit/537.36 (KHTML, like Gecko) Chrome/99.0.4844.83 Safari/537.36"
::1 - - [23/Mar/2022:06:13:10 +0000] "GET /api/v1/news HTTP/1.1" 304 - "http://localhost:3000/" "Mozilla/5.0 (Windows NT 10.0; Win64; x64) AppleWebKit/537.36 (KHTML, like Gecko) Chrome/99.0.4844.83 Safari/537.36"
::1 - - [23/Mar/2022:06:13:49 +0000] "GET /api/v1/news HTTP/1.1" 304 - "http://localhost:3000/" "Mozilla/5.0 (Windows NT 10.0; Win64; x64) AppleWebKit/537.36 (KHTML, like Gecko) Chrome/99.0.4844.83 Safari/537.36"
::1 - - [23/Mar/2022:06:13:58 +0000] "GET /api/v1/news HTTP/1.1" 304 - "http://localhost:3000/" "Mozilla/5.0 (Windows NT 10.0; Win64; x64) AppleWebKit/537.36 (KHTML, like Gecko) Chrome/99.0.4844.83 Safari/537.36"
::1 - - [23/Mar/2022:06:14:06 +0000] "GET /api/v1/news HTTP/1.1" 304 - "http://localhost:3000/" "Mozilla/5.0 (Windows NT 10.0; Win64; x64) AppleWebKit/537.36 (KHTML, like Gecko) Chrome/99.0.4844.83 Safari/537.36"
::1 - - [23/Mar/2022:06:15:16 +0000] "GET /api/v1/news HTTP/1.1" 304 - "http://localhost:3000/" "Mozilla/5.0 (Windows NT 10.0; Win64; x64) AppleWebKit/537.36 (KHTML, like Gecko) Chrome/99.0.4844.83 Safari/537.36"
::1 - - [23/Mar/2022:06:15:45 +0000] "GET /api/v1/news HTTP/1.1" 304 - "http://localhost:3000/" "Mozilla/5.0 (Windows NT 10.0; Win64; x64) AppleWebKit/537.36 (KHTML, like Gecko) Chrome/99.0.4844.83 Safari/537.36"
::1 - - [23/Mar/2022:06:16:24 +0000] "GET /api/v1/news HTTP/1.1" 304 - "http://localhost:3000/" "Mozilla/5.0 (Windows NT 10.0; Win64; x64) AppleWebKit/537.36 (KHTML, like Gecko) Chrome/99.0.4844.83 Safari/537.36"
::1 - - [23/Mar/2022:06:16:34 +0000] "GET /api/v1/news HTTP/1.1" 304 - "http://localhost:3000/" "Mozilla/5.0 (Windows NT 10.0; Win64; x64) AppleWebKit/537.36 (KHTML, like Gecko) Chrome/99.0.4844.83 Safari/537.36"
::1 - - [23/Mar/2022:06:16:39 +0000] "GET /api/v1/news HTTP/1.1" 304 - "http://localhost:3000/" "Mozilla/5.0 (Windows NT 10.0; Win64; x64) AppleWebKit/537.36 (KHTML, like Gecko) Chrome/99.0.4844.83 Safari/537.36"
::1 - - [23/Mar/2022:06:17:03 +0000] "GET /api/v1/news HTTP/1.1" 304 - "http://localhost:3000/" "Mozilla/5.0 (Windows NT 10.0; Win64; x64) AppleWebKit/537.36 (KHTML, like Gecko) Chrome/99.0.4844.83 Safari/537.36"
::1 - - [23/Mar/2022:06:17:12 +0000] "GET /api/v1/news HTTP/1.1" 304 - "http://localhost:3000/" "Mozilla/5.0 (Windows NT 10.0; Win64; x64) AppleWebKit/537.36 (KHTML, like Gecko) Chrome/99.0.4844.83 Safari/537.36"
::1 - - [23/Mar/2022:06:21:46 +0000] "GET /api/v1/news HTTP/1.1" 304 - "http://localhost:3000/" "Mozilla/5.0 (Windows NT 10.0; Win64; x64) AppleWebKit/537.36 (KHTML, like Gecko) Chrome/99.0.4844.83 Safari/537.36"
::1 - - [23/Mar/2022:06:22:31 +0000] "GET /api/v1/news HTTP/1.1" 304 - "http://localhost:3000/" "Mozilla/5.0 (Windows NT 10.0; Win64; x64) AppleWebKit/537.36 (KHTML, like Gecko) Chrome/99.0.4844.83 Safari/537.36"
::1 - - [23/Mar/2022:06:27:56 +0000] "GET /api/v1/news HTTP/1.1" 304 - "http://localhost:3000/" "Mozilla/5.0 (Windows NT 10.0; Win64; x64) AppleWebKit/537.36 (KHTML, like Gecko) Chrome/99.0.4844.83 Safari/537.36"
::1 - - [23/Mar/2022:06:28:12 +0000] "GET /api/v1/news HTTP/1.1" 304 - "http://localhost:3000/" "Mozilla/5.0 (Windows NT 10.0; Win64; x64) AppleWebKit/537.36 (KHTML, like Gecko) Chrome/99.0.4844.83 Safari/537.36"
::1 - - [23/Mar/2022:06:28:15 +0000] "GET /api/v1/news HTTP/1.1" 304 - "http://localhost:3000/" "Mozilla/5.0 (Windows NT 10.0; Win64; x64) AppleWebKit/537.36 (KHTML, like Gecko) Chrome/99.0.4844.83 Safari/537.36"
::1 - - [23/Mar/2022:06:29:42 +0000] "GET /api/v1/news HTTP/1.1" 304 - "http://localhost:3000/" "Mozilla/5.0 (Windows NT 10.0; Win64; x64) AppleWebKit/537.36 (KHTML, like Gecko) Chrome/99.0.4844.83 Safari/537.36"
::1 - - [23/Mar/2022:06:31:18 +0000] "GET /api/v1/news HTTP/1.1" 304 - "http://localhost:3000/" "Mozilla/5.0 (Windows NT 10.0; Win64; x64) AppleWebKit/537.36 (KHTML, like Gecko) Chrome/99.0.4844.83 Safari/537.36"
::1 - - [23/Mar/2022:06:36:13 +0000] "GET /api/v1/news HTTP/1.1" 304 - "http://localhost:3000/" "Mozilla/5.0 (Linux; Android 6.0; Nexus 5 Build/MRA58N) AppleWebKit/537.36 (KHTML, like Gecko) Chrome/99.0.4844.83 Mobile Safari/537.36"
::1 - - [23/Mar/2022:07:24:37 +0000] "GET /api/v1/news HTTP/1.1" 304 - "http://localhost:3000/" "Mozilla/5.0 (Windows NT 10.0; Win64; x64) AppleWebKit/537.36 (KHTML, like Gecko) Chrome/99.0.4844.83 Safari/537.36"
::1 - - [24/Mar/2022:12:08:07 +0000] "GET /api/v1/news HTTP/1.1" 304 - "http://localhost:3000/" "Mozilla/5.0 (Windows NT 10.0; Win64; x64) AppleWebKit/537.36 (KHTML, like Gecko) Chrome/99.0.4844.83 Safari/537.36"
::1 - - [24/Mar/2022:12:08:10 +0000] "GET /api/v1/news HTTP/1.1" 304 - "http://localhost:3000/" "Mozilla/5.0 (Windows NT 10.0; Win64; x64) AppleWebKit/537.36 (KHTML, like Gecko) Chrome/99.0.4844.83 Safari/537.36"
::1 - - [24/Mar/2022:12:09:13 +0000] "GET /api/v1/news HTTP/1.1" 304 - "http://localhost:3000/" "Mozilla/5.0 (Windows NT 10.0; Win64; x64) AppleWebKit/537.36 (KHTML, like Gecko) Chrome/99.0.4844.83 Safari/537.36"
::1 - - [24/Mar/2022:12:37:30 +0000] "GET /api/v1/news HTTP/1.1" 304 - "http://localhost:3000/" "Mozilla/5.0 (Windows NT 10.0; Win64; x64) AppleWebKit/537.36 (KHTML, like Gecko) Chrome/99.0.4844.83 Safari/537.36"
::1 - - [24/Mar/2022:12:57:39 +0000] "GET /api/v1/news HTTP/1.1" 304 - "http://localhost:3000/" "Mozilla/5.0 (iPad; CPU OS 13_3 like Mac OS X) AppleWebKit/605.1.15 (KHTML, like Gecko) CriOS/87.0.4280.77 Mobile/15E148 Safari/604.1"
::1 - - [24/Mar/2022:12:57:43 +0000] "GET /api/v1/news HTTP/1.1" 304 - "http://localhost:3000/" "Mozilla/5.0 (iPad; CPU OS 13_3 like Mac OS X) AppleWebKit/605.1.15 (KHTML, like Gecko) CriOS/87.0.4280.77 Mobile/15E148 Safari/604.1"
::1 - - [24/Mar/2022:12:59:45 +0000] "GET /api/v1/news HTTP/1.1" 304 - "http://localhost:3000/" "Mozilla/5.0 (Windows NT 10.0; Win64; x64) AppleWebKit/537.36 (KHTML, like Gecko) Chrome/99.0.4844.83 Safari/537.36"
::1 - - [24/Mar/2022:13:37:17 +0000] "GET /api/v1/news HTTP/1.1" 304 - "http://localhost:3000/" "Mozilla/5.0 (Windows NT 10.0; Win64; x64) AppleWebKit/537.36 (KHTML, like Gecko) Chrome/99.0.4844.83 Safari/537.36"
::1 - - [24/Mar/2022:14:14:00 +0000] "GET /api/v1/news HTTP/1.1" 304 - "http://localhost:3000/" "Mozilla/5.0 (Windows NT 10.0; Win64; x64) AppleWebKit/537.36 (KHTML, like Gecko) Chrome/99.0.4844.83 Safari/537.36"
::1 - - [24/Mar/2022:14:14:14 +0000] "GET /api/v1/news HTTP/1.1" 304 - "http://localhost:3000/" "Mozilla/5.0 (Windows NT 10.0; Win64; x64) AppleWebKit/537.36 (KHTML, like Gecko) Chrome/99.0.4844.83 Safari/537.36"
::1 - - [24/Mar/2022:14:15:43 +0000] "GET /api/v1/news HTTP/1.1" 304 - "http://localhost:3000/" "Mozilla/5.0 (Windows NT 10.0; Win64; x64) AppleWebKit/537.36 (KHTML, like Gecko) Chrome/99.0.4844.83 Safari/537.36"
::1 - - [24/Mar/2022:14:16:12 +0000] "GET /api/v1/news HTTP/1.1" 304 - "http://localhost:3000/" "Mozilla/5.0 (Windows NT 10.0; Win64; x64) AppleWebKit/537.36 (KHTML, like Gecko) Chrome/99.0.4844.83 Safari/537.36"
::1 - - [24/Mar/2022:14:16:52 +0000] "GET /api/v1/news HTTP/1.1" 304 - "http://localhost:3000/" "Mozilla/5.0 (Windows NT 10.0; Win64; x64) AppleWebKit/537.36 (KHTML, like Gecko) Chrome/99.0.4844.83 Safari/537.36"
::1 - - [24/Mar/2022:14:17:09 +0000] "GET /api/v1/news HTTP/1.1" 304 - "http://localhost:3000/" "Mozilla/5.0 (Windows NT 10.0; Win64; x64) AppleWebKit/537.36 (KHTML, like Gecko) Chrome/99.0.4844.83 Safari/537.36"
::1 - - [24/Mar/2022:14:17:58 +0000] "GET /api/v1/news HTTP/1.1" 304 - "http://localhost:3000/" "Mozilla/5.0 (Windows NT 10.0; Win64; x64) AppleWebKit/537.36 (KHTML, like Gecko) Chrome/99.0.4844.83 Safari/537.36"
::1 - - [24/Mar/2022:14:18:11 +0000] "GET /api/v1/news HTTP/1.1" 304 - "http://localhost:3000/" "Mozilla/5.0 (Windows NT 10.0; Win64; x64) AppleWebKit/537.36 (KHTML, like Gecko) Chrome/99.0.4844.83 Safari/537.36"
::1 - - [26/Mar/2022:08:11:50 +0000] "GET /api/v1/news HTTP/1.1" 304 - "http://localhost:3000/" "Mozilla/5.0 (Windows NT 10.0; Win64; x64) AppleWebKit/537.36 (KHTML, like Gecko) Chrome/99.0.4844.83 Safari/537.36"
::1 - - [26/Mar/2022:08:33:05 +0000] "GET /api/v1/news HTTP/1.1" 304 - "http://localhost:3000/" "Mozilla/5.0 (iPad; CPU OS 13_3 like Mac OS X) AppleWebKit/605.1.15 (KHTML, like Gecko) CriOS/87.0.4280.77 Mobile/15E148 Safari/604.1"
::1 - - [26/Mar/2022:08:33:09 +0000] "GET /api/v1/news HTTP/1.1" 304 - "http://localhost:3000/" "Mozilla/5.0 (iPad; CPU OS 13_3 like Mac OS X) AppleWebKit/605.1.15 (KHTML, like Gecko) CriOS/87.0.4280.77 Mobile/15E148 Safari/604.1"
::1 - - [26/Mar/2022:08:35:03 +0000] "GET /api/v1/news HTTP/1.1" 304 - "http://localhost:3000/" "Mozilla/5.0 (iPad; CPU OS 13_3 like Mac OS X) AppleWebKit/605.1.15 (KHTML, like Gecko) CriOS/87.0.4280.77 Mobile/15E148 Safari/604.1"
::1 - - [26/Mar/2022:08:35:08 +0000] "GET /api/v1/news HTTP/1.1" 304 - "http://localhost:3000/" "Mozilla/5.0 (iPad; CPU OS 13_3 like Mac OS X) AppleWebKit/605.1.15 (KHTML, like Gecko) CriOS/87.0.4280.77 Mobile/15E148 Safari/604.1"
::1 - - [26/Mar/2022:08:35:39 +0000] "GET /api/v1/news HTTP/1.1" 304 - "http://localhost:3000/" "Mozilla/5.0 (iPad; CPU OS 13_3 like Mac OS X) AppleWebKit/605.1.15 (KHTML, like Gecko) CriOS/87.0.4280.77 Mobile/15E148 Safari/604.1"
::1 - - [26/Mar/2022:08:35:44 +0000] "GET /api/v1/news HTTP/1.1" 304 - "http://localhost:3000/" "Mozilla/5.0 (iPad; CPU OS 13_3 like Mac OS X) AppleWebKit/605.1.15 (KHTML, like Gecko) CriOS/87.0.4280.77 Mobile/15E148 Safari/604.1"
::1 - - [26/Mar/2022:08:35:57 +0000] "GET /api/v1/news HTTP/1.1" 304 - "http://localhost:3000/" "Mozilla/5.0 (Windows NT 10.0; Win64; x64) AppleWebKit/537.36 (KHTML, like Gecko) Chrome/99.0.4844.83 Safari/537.36"
::1 - - [26/Mar/2022:12:16:43 +0000] "GET /api/v1/news HTTP/1.1" 304 - "http://localhost:3000/" "Mozilla/5.0 (Windows NT 10.0; Win64; x64) AppleWebKit/537.36 (KHTML, like Gecko) Chrome/99.0.4844.83 Safari/537.36"
::1 - - [26/Mar/2022:12:21:15 +0000] "GET /api/v1/news HTTP/1.1" 304 - "http://localhost:3000/" "Mozilla/5.0 (Windows NT 10.0; Win64; x64) AppleWebKit/537.36 (KHTML, like Gecko) Chrome/99.0.4844.83 Safari/537.36"
::1 - - [26/Mar/2022:12:23:11 +0000] "GET /api/v1/news HTTP/1.1" 304 - "http://localhost:3000/" "Mozilla/5.0 (Windows NT 10.0; Win64; x64) AppleWebKit/537.36 (KHTML, like Gecko) Chrome/99.0.4844.83 Safari/537.36"
::1 - - [26/Mar/2022:12:55:51 +0000] "GET /api/v1/news HTTP/1.1" - - "http://localhost:3000/" "Mozilla/5.0 (Windows NT 10.0; Win64; x64) AppleWebKit/537.36 (KHTML, like Gecko) Chrome/99.0.4844.83 Safari/537.36"
::1 - - [26/Mar/2022:12:55:52 +0000] "GET /api/v1/news HTTP/1.1" 200 785 "http://localhost:3000/" "Mozilla/5.0 (Windows NT 10.0; Win64; x64) AppleWebKit/537.36 (KHTML, like Gecko) Chrome/99.0.4844.83 Safari/537.36"
::1 - - [26/Mar/2022:13:13:19 +0000] "GET /api/v1/news HTTP/1.1" 304 - "http://localhost:3000/" "Mozilla/5.0 (Windows NT 10.0; Win64; x64) AppleWebKit/537.36 (KHTML, like Gecko) Chrome/99.0.4844.83 Safari/537.36"
::1 - - [26/Mar/2022:13:16:32 +0000] "GET /api/v1/news HTTP/1.1" 304 - "http://localhost:3000/" "Mozilla/5.0 (Windows NT 10.0; Win64; x64) AppleWebKit/537.36 (KHTML, like Gecko) Chrome/99.0.4844.83 Safari/537.36"
::1 - - [26/Mar/2022:13:19:45 +0000] "GET /api/v1/news HTTP/1.1" 304 - "http://localhost:3000/" "Mozilla/5.0 (Windows NT 10.0; Win64; x64) AppleWebKit/537.36 (KHTML, like Gecko) Chrome/99.0.4844.83 Safari/537.36"
::1 - - [26/Mar/2022:13:19:51 +0000] "GET /api/v1/news HTTP/1.1" 304 - "http://localhost:3000/" "Mozilla/5.0 (Windows NT 10.0; Win64; x64) AppleWebKit/537.36 (KHTML, like Gecko) Chrome/99.0.4844.83 Safari/537.36"
::1 - - [26/Mar/2022:13:40:48 +0000] "GET /api/v1/news HTTP/1.1" 304 - "http://localhost:3000/" "Mozilla/5.0 (iPad; CPU OS 13_3 like Mac OS X) AppleWebKit/605.1.15 (KHTML, like Gecko) CriOS/87.0.4280.77 Mobile/15E148 Safari/604.1"
::1 - - [26/Mar/2022:13:42:41 +0000] "GET /api/v1/news HTTP/1.1" 304 - "http://localhost:3000/" "Mozilla/5.0 (Windows NT 10.0; Win64; x64) AppleWebKit/537.36 (KHTML, like Gecko) Chrome/99.0.4844.83 Safari/537.36"
::1 - - [26/Mar/2022:13:45:15 +0000] "GET /api/v1/news HTTP/1.1" 304 - "http://localhost:3000/" "Mozilla/5.0 (Windows NT 10.0; Win64; x64) AppleWebKit/537.36 (KHTML, like Gecko) Chrome/99.0.4844.83 Safari/537.36"
::1 - - [26/Mar/2022:13:46:45 +0000] "GET /api/v1/news HTTP/1.1" 304 - "http://localhost:3000/" "Mozilla/5.0 (Windows NT 10.0; Win64; x64) AppleWebKit/537.36 (KHTML, like Gecko) Chrome/99.0.4844.83 Safari/537.36"
::1 - - [26/Mar/2022:13:46:56 +0000] "GET /api/v1/news HTTP/1.1" 304 - "http://localhost:3000/" "Mozilla/5.0 (Windows NT 10.0; Win64; x64) AppleWebKit/537.36 (KHTML, like Gecko) Chrome/99.0.4844.83 Safari/537.36"
::1 - - [26/Mar/2022:13:47:12 +0000] "GET /api/v1/news HTTP/1.1" 304 - "http://localhost:3000/" "Mozilla/5.0 (Windows NT 10.0; Win64; x64) AppleWebKit/537.36 (KHTML, like Gecko) Chrome/99.0.4844.83 Safari/537.36"
::1 - - [26/Mar/2022:14:19:25 +0000] "GET /api/v1/news HTTP/1.1" 304 - "http://localhost:3000/" "Mozilla/5.0 (iPad; CPU OS 13_3 like Mac OS X) AppleWebKit/605.1.15 (KHTML, like Gecko) CriOS/87.0.4280.77 Mobile/15E148 Safari/604.1"
::1 - - [26/Mar/2022:14:19:29 +0000] "GET /api/v1/news HTTP/1.1" 304 - "http://localhost:3000/" "Mozilla/5.0 (iPad; CPU OS 13_3 like Mac OS X) AppleWebKit/605.1.15 (KHTML, like Gecko) CriOS/87.0.4280.77 Mobile/15E148 Safari/604.1"
::1 - - [26/Mar/2022:14:20:49 +0000] "GET /api/v1/news HTTP/1.1" 304 - "http://localhost:3000/" "Mozilla/5.0 (Windows NT 10.0; Win64; x64) AppleWebKit/537.36 (KHTML, like Gecko) Chrome/99.0.4844.83 Safari/537.36"
::1 - - [26/Mar/2022:14:24:05 +0000] "GET /api/v1/news HTTP/1.1" 304 - "http://localhost:3000/" "Mozilla/5.0 (iPad; CPU OS 13_3 like Mac OS X) AppleWebKit/605.1.15 (KHTML, like Gecko) CriOS/87.0.4280.77 Mobile/15E148 Safari/604.1"
::1 - - [26/Mar/2022:14:25:48 +0000] "GET /api/v1/news/contact HTTP/1.1" 400 80 "http://localhost:3000/" "Mozilla/5.0 (Windows NT 10.0; Win64; x64) AppleWebKit/537.36 (KHTML, like Gecko) Chrome/99.0.4844.83 Safari/537.36"
::1 - - [26/Mar/2022:14:28:37 +0000] "GET /api/v1/news HTTP/1.1" 304 - "http://localhost:3000/" "Mozilla/5.0 (Windows NT 10.0; Win64; x64) AppleWebKit/537.36 (KHTML, like Gecko) Chrome/99.0.4844.83 Safari/537.36"
::1 - - [26/Mar/2022:14:28:38 +0000] "GET /api/v1/news/contact HTTP/1.1" 400 80 "http://localhost:3000/" "Mozilla/5.0 (Windows NT 10.0; Win64; x64) AppleWebKit/537.36 (KHTML, like Gecko) Chrome/99.0.4844.83 Safari/537.36"
::1 - - [26/Mar/2022:14:29:08 +0000] "GET /api/v1/news HTTP/1.1" 304 - "http://localhost:3000/" "Mozilla/5.0 (Windows NT 10.0; Win64; x64) AppleWebKit/537.36 (KHTML, like Gecko) Chrome/99.0.4844.83 Safari/537.36"
::1 - - [26/Mar/2022:14:29:56 +0000] "GET /api/v1/news HTTP/1.1" 304 - "http://localhost:3000/" "Mozilla/5.0 (Windows NT 10.0; Win64; x64) AppleWebKit/537.36 (KHTML, like Gecko) Chrome/99.0.4844.83 Safari/537.36"
::1 - - [26/Mar/2022:14:33:43 +0000] "GET /api/v1/news HTTP/1.1" 304 - "http://localhost:3000/" "Mozilla/5.0 (iPad; CPU OS 13_3 like Mac OS X) AppleWebKit/605.1.15 (KHTML, like Gecko) CriOS/87.0.4280.77 Mobile/15E148 Safari/604.1"
::1 - - [26/Mar/2022:14:33:53 +0000] "GET /api/v1/news HTTP/1.1" 304 - "http://localhost:3000/" "Mozilla/5.0 (iPad; CPU OS 13_3 like Mac OS X) AppleWebKit/605.1.15 (KHTML, like Gecko) CriOS/87.0.4280.77 Mobile/15E148 Safari/604.1"
::1 - - [26/Mar/2022:14:34:01 +0000] "GET /api/v1/news/623ab1bfc20817320c289bc4 HTTP/1.1" 200 279 "http://localhost:3000/" "Mozilla/5.0 (Windows NT 10.0; Win64; x64) AppleWebKit/537.36 (KHTML, like Gecko) Chrome/99.0.4844.83 Safari/537.36"
::1 - - [26/Mar/2022:14:34:37 +0000] "GET /api/v1/news/623ab1bfc20817320c289bc4 HTTP/1.1" 304 - "http://localhost:3000/" "Mozilla/5.0 (Windows NT 10.0; Win64; x64) AppleWebKit/537.36 (KHTML, like Gecko) Chrome/99.0.4844.83 Safari/537.36"
::1 - - [26/Mar/2022:14:34:40 +0000] "GET /api/v1/news/623ab1bfc20817320c289bc4 HTTP/1.1" 304 - "http://localhost:3000/" "Mozilla/5.0 (Windows NT 10.0; Win64; x64) AppleWebKit/537.36 (KHTML, like Gecko) Chrome/99.0.4844.83 Safari/537.36"
::1 - - [26/Mar/2022:14:35:23 +0000] "GET /api/v1/news/623ab1bfc20817320c289bc4 HTTP/1.1" 304 - "http://localhost:3000/" "Mozilla/5.0 (Windows NT 10.0; Win64; x64) AppleWebKit/537.36 (KHTML, like Gecko) Chrome/99.0.4844.83 Safari/537.36"
::1 - - [26/Mar/2022:14:36:04 +0000] "GET /api/v1/news/623ab1bfc20817320c289bc4 HTTP/1.1" 304 - "http://localhost:3000/" "Mozilla/5.0 (Windows NT 10.0; Win64; x64) AppleWebKit/537.36 (KHTML, like Gecko) Chrome/99.0.4844.83 Safari/537.36"
::1 - - [26/Mar/2022:14:38:22 +0000] "GET /api/v1/news/623ab1bfc20817320c289bc4 HTTP/1.1" 304 - "http://localhost:3000/" "Mozilla/5.0 (iPad; CPU OS 13_3 like Mac OS X) AppleWebKit/605.1.15 (KHTML, like Gecko) CriOS/87.0.4280.77 Mobile/15E148 Safari/604.1"
::1 - - [26/Mar/2022:14:38:32 +0000] "GET /api/v1/news HTTP/1.1" 304 - "http://localhost:3000/" "Mozilla/5.0 (Windows NT 10.0; Win64; x64) AppleWebKit/537.36 (KHTML, like Gecko) Chrome/99.0.4844.83 Safari/537.36"
::1 - - [26/Mar/2022:14:39:03 +0000] "GET /api/v1/news/623ab1f5c20817320c289bc5 HTTP/1.1" 200 297 "http://localhost:3000/" "Mozilla/5.0 (Windows NT 10.0; Win64; x64) AppleWebKit/537.36 (KHTML, like Gecko) Chrome/99.0.4844.83 Safari/537.36"
::1 - - [26/Mar/2022:14:39:48 +0000] "GET /api/v1/news HTTP/1.1" 304 - "http://localhost:3000/" "Mozilla/5.0 (Windows NT 10.0; Win64; x64) AppleWebKit/537.36 (KHTML, like Gecko) Chrome/99.0.4844.83 Safari/537.36"
::1 - - [26/Mar/2022:14:41:38 +0000] "GET /api/v1/news/623ab1bfc20817320c289bc4 HTTP/1.1" 304 - "http://localhost:3000/" "Mozilla/5.0 (Windows NT 10.0; Win64; x64) AppleWebKit/537.36 (KHTML, like Gecko) Chrome/99.0.4844.83 Safari/537.36"
::1 - - [26/Mar/2022:14:42:03 +0000] "GET /api/v1/news HTTP/1.1" 304 - "http://localhost:3000/" "Mozilla/5.0 (Windows NT 10.0; Win64; x64) AppleWebKit/537.36 (KHTML, like Gecko) Chrome/99.0.4844.83 Safari/537.36"
::1 - - [26/Mar/2022:14:42:10 +0000] "GET /api/v1/news/623ab1bfc20817320c289bc4 HTTP/1.1" 304 - "http://localhost:3000/" "Mozilla/5.0 (Windows NT 10.0; Win64; x64) AppleWebKit/537.36 (KHTML, like Gecko) Chrome/99.0.4844.83 Safari/537.36"
::1 - - [26/Mar/2022:14:42:24 +0000] "GET /api/v1/news HTTP/1.1" 304 - "http://localhost:3000/" "Mozilla/5.0 (Windows NT 10.0; Win64; x64) AppleWebKit/537.36 (KHTML, like Gecko) Chrome/99.0.4844.83 Safari/537.36"
::1 - - [26/Mar/2022:14:43:08 +0000] "GET /api/v1/news/623ab1f5c20817320c289bc5 HTTP/1.1" 304 - "http://localhost:3000/" "Mozilla/5.0 (Windows NT 10.0; Win64; x64) AppleWebKit/537.36 (KHTML, like Gecko) Chrome/99.0.4844.83 Safari/537.36"
::1 - - [26/Mar/2022:14:44:10 +0000] "GET /api/v1/news/623ab1f5c20817320c289bc5 HTTP/1.1" 304 - "http://localhost:3000/" "Mozilla/5.0 (Windows NT 10.0; Win64; x64) AppleWebKit/537.36 (KHTML, like Gecko) Chrome/99.0.4844.83 Safari/537.36"
::1 - - [26/Mar/2022:14:45:43 +0000] "GET /api/v1/news HTTP/1.1" 304 - "http://localhost:3000/" "Mozilla/5.0 (Windows NT 10.0; Win64; x64) AppleWebKit/537.36 (KHTML, like Gecko) Chrome/99.0.4844.83 Safari/537.36"
::1 - - [26/Mar/2022:14:45:58 +0000] "GET /api/v1/news HTTP/1.1" 304 - "http://localhost:3000/" "Mozilla/5.0 (Windows NT 10.0; Win64; x64) AppleWebKit/537.36 (KHTML, like Gecko) Chrome/99.0.4844.83 Safari/537.36"
::1 - - [26/Mar/2022:14:46:00 +0000] "GET /api/v1/news/623ab1bfc20817320c289bc4 HTTP/1.1" 304 - "http://localhost:3000/" "Mozilla/5.0 (Windows NT 10.0; Win64; x64) AppleWebKit/537.36 (KHTML, like Gecko) Chrome/99.0.4844.83 Safari/537.36"
::1 - - [26/Mar/2022:14:46:34 +0000] "GET /api/v1/news/623ab1bfc20817320c289bc4 HTTP/1.1" 304 - "http://localhost:3000/" "Mozilla/5.0 (Windows NT 10.0; Win64; x64) AppleWebKit/537.36 (KHTML, like Gecko) Chrome/99.0.4844.83 Safari/537.36"
::1 - - [26/Mar/2022:14:47:08 +0000] "GET /api/v1/news/623ab1bfc20817320c289bc4 HTTP/1.1" 304 - "http://localhost:3000/" "Mozilla/5.0 (Windows NT 10.0; Win64; x64) AppleWebKit/537.36 (KHTML, like Gecko) Chrome/99.0.4844.83 Safari/537.36"
::1 - - [26/Mar/2022:14:47:10 +0000] "GET /api/v1/news/623ab1bfc20817320c289bc4 HTTP/1.1" 304 - "http://localhost:3000/" "Mozilla/5.0 (Windows NT 10.0; Win64; x64) AppleWebKit/537.36 (KHTML, like Gecko) Chrome/99.0.4844.83 Safari/537.36"
::1 - - [26/Mar/2022:14:47:12 +0000] "GET /api/v1/news HTTP/1.1" 304 - "http://localhost:3000/" "Mozilla/5.0 (Windows NT 10.0; Win64; x64) AppleWebKit/537.36 (KHTML, like Gecko) Chrome/99.0.4844.83 Safari/537.36"
::1 - - [26/Mar/2022:14:47:31 +0000] "GET /api/v1/news/623ab1f5c20817320c289bc5 HTTP/1.1" 304 - "http://localhost:3000/" "Mozilla/5.0 (Windows NT 10.0; Win64; x64) AppleWebKit/537.36 (KHTML, like Gecko) Chrome/99.0.4844.83 Safari/537.36"
::1 - - [26/Mar/2022:14:48:01 +0000] "GET /api/v1/news/623ab1f5c20817320c289bc5 HTTP/1.1" 304 - "http://localhost:3000/" "Mozilla/5.0 (Windows NT 10.0; Win64; x64) AppleWebKit/537.36 (KHTML, like Gecko) Chrome/99.0.4844.83 Safari/537.36"
::1 - - [26/Mar/2022:14:48:42 +0000] "GET /api/v1/news/623ab1f5c20817320c289bc5 HTTP/1.1" 304 - "http://localhost:3000/" "Mozilla/5.0 (Windows NT 10.0; Win64; x64) AppleWebKit/537.36 (KHTML, like Gecko) Chrome/99.0.4844.83 Safari/537.36"
::1 - - [26/Mar/2022:14:50:22 +0000] "GET /api/v1/news HTTP/1.1" 304 - "http://localhost:3000/" "Mozilla/5.0 (Windows NT 10.0; Win64; x64) AppleWebKit/537.36 (KHTML, like Gecko) Chrome/99.0.4844.83 Safari/537.36"
::1 - - [26/Mar/2022:14:52:12 +0000] "GET /api/v1/news/623ab1bfc20817320c289bc4 HTTP/1.1" 304 - "http://localhost:3000/" "Mozilla/5.0 (Windows NT 10.0; Win64; x64) AppleWebKit/537.36 (KHTML, like Gecko) Chrome/99.0.4844.83 Safari/537.36"
::1 - - [26/Mar/2022:15:11:02 +0000] "GET /api/v1/news HTTP/1.1" 304 - "http://localhost:3000/" "Mozilla/5.0 (iPad; CPU OS 13_3 like Mac OS X) AppleWebKit/605.1.15 (KHTML, like Gecko) CriOS/87.0.4280.77 Mobile/15E148 Safari/604.1"
::1 - - [26/Mar/2022:15:11:10 +0000] "GET /api/v1/news HTTP/1.1" 304 - "http://localhost:3000/" "Mozilla/5.0 (iPad; CPU OS 13_3 like Mac OS X) AppleWebKit/605.1.15 (KHTML, like Gecko) CriOS/87.0.4280.77 Mobile/15E148 Safari/604.1"
::1 - - [26/Mar/2022:15:12:37 +0000] "GET /api/v1/news/623ab1f5c20817320c289bc5 HTTP/1.1" 304 - "http://localhost:3000/" "Mozilla/5.0 (Windows NT 10.0; Win64; x64) AppleWebKit/537.36 (KHTML, like Gecko) Chrome/99.0.4844.83 Safari/537.36"
::1 - - [26/Mar/2022:15:13:40 +0000] "GET /api/v1/news/623ab1f5c20817320c289bc5 HTTP/1.1" 304 - "http://localhost:3000/" "Mozilla/5.0 (Windows NT 10.0; Win64; x64) AppleWebKit/537.36 (KHTML, like Gecko) Chrome/99.0.4844.83 Safari/537.36"
::1 - - [26/Mar/2022:15:23:44 +0000] "GET /api/v1/news/623ab1f5c20817320c289bc5 HTTP/1.1" 304 - "http://localhost:3000/" "Mozilla/5.0 (Windows NT 10.0; Win64; x64) AppleWebKit/537.36 (KHTML, like Gecko) Chrome/99.0.4844.83 Safari/537.36"
::1 - - [26/Mar/2022:15:23:57 +0000] "GET /api/v1/news/623ab1f5c20817320c289bc5 HTTP/1.1" 304 - "http://localhost:3000/" "Mozilla/5.0 (Windows NT 10.0; Win64; x64) AppleWebKit/537.36 (KHTML, like Gecko) Chrome/99.0.4844.83 Safari/537.36"
::1 - - [26/Mar/2022:15:24:03 +0000] "GET /api/v1/news/623ab1f5c20817320c289bc5 HTTP/1.1" 304 - "http://localhost:3000/" "Mozilla/5.0 (Windows NT 10.0; Win64; x64) AppleWebKit/537.36 (KHTML, like Gecko) Chrome/99.0.4844.83 Safari/537.36"
::1 - - [26/Mar/2022:15:25:19 +0000] "GET /api/v1/news/623ab1f5c20817320c289bc5 HTTP/1.1" 304 - "http://localhost:3000/" "Mozilla/5.0 (Windows NT 10.0; Win64; x64) AppleWebKit/537.36 (KHTML, like Gecko) Chrome/99.0.4844.83 Safari/537.36"
::1 - - [26/Mar/2022:15:25:31 +0000] "GET /api/v1/news/623ab1f5c20817320c289bc5 HTTP/1.1" 304 - "http://localhost:3000/" "Mozilla/5.0 (Windows NT 10.0; Win64; x64) AppleWebKit/537.36 (KHTML, like Gecko) Chrome/99.0.4844.83 Safari/537.36"
::1 - - [26/Mar/2022:15:25:51 +0000] "GET /api/v1/news/623ab1f5c20817320c289bc5 HTTP/1.1" 304 - "http://localhost:3000/" "Mozilla/5.0 (Windows NT 10.0; Win64; x64) AppleWebKit/537.36 (KHTML, like Gecko) Chrome/99.0.4844.83 Safari/537.36"
::1 - - [26/Mar/2022:15:26:27 +0000] "GET /api/v1/news/623ab1f5c20817320c289bc5 HTTP/1.1" 304 - "http://localhost:3000/" "Mozilla/5.0 (Windows NT 10.0; Win64; x64) AppleWebKit/537.36 (KHTML, like Gecko) Chrome/99.0.4844.83 Safari/537.36"
::1 - - [26/Mar/2022:15:38:08 +0000] "GET /api/v1/news/623ab1f5c20817320c289bc5 HTTP/1.1" 304 - "http://localhost:3000/" "Mozilla/5.0 (iPad; CPU OS 13_3 like Mac OS X) AppleWebKit/605.1.15 (KHTML, like Gecko) CriOS/87.0.4280.77 Mobile/15E148 Safari/604.1"
::1 - - [26/Mar/2022:15:39:46 +0000] "GET /api/v1/news/623ab1f5c20817320c289bc5 HTTP/1.1" 304 - "http://localhost:3000/" "Mozilla/5.0 (Windows NT 10.0; Win64; x64) AppleWebKit/537.36 (KHTML, like Gecko) Chrome/99.0.4844.83 Safari/537.36"
::1 - - [26/Mar/2022:15:41:01 +0000] "GET /api/v1/news/623ab1f5c20817320c289bc5 HTTP/1.1" 304 - "http://localhost:3000/" "Mozilla/5.0 (Windows NT 10.0; Win64; x64) AppleWebKit/537.36 (KHTML, like Gecko) Chrome/99.0.4844.83 Safari/537.36"
